<?xml version="1.0" encoding="UTF-8"?>
<!-- Generated by org.testng.reporters.JUnitReportReporter -->
<testsuite hostname="LAPTOP-9VSOEGIB" failures="1" tests="1" name="UnitTestingTool.ToUnderstandDataProvide2D" time="15.493" errors="0" timestamp="2023-02-24T10:41:48 IST" skipped="0">
  <testcase classname="UnitTestingTool.ToUnderstandDataProvide2D" name="register" time="15.493">
    <failure message="The following asserts failed:
	Register page is not displayed expected [Demo Web Shop. Register] but found [xxxxxxxxx],
	Failed to navigate to home page expected [https://demowebshop.tricentis.com/registerresult/1] but found [https://demowebshop.tricentis.com/register]" type="java.lang.AssertionError">
      <![CDATA[java.lang.AssertionError: The following asserts failed:
Register page is not displayed expected [Demo Web Shop. Register] but found [xxxxxxxxx],
Failed to navigate to home page expected [https://demowebshop.tricentis.com/registerresult/1] but found [https://demowebshop.tricentis.com/register]
at org.testng.asserts.SoftAssert.assertAll(SoftAssert.java:47)
at org.testng.asserts.SoftAssert.assertAll(SoftAssert.java:31)
at UnitTestingTool.ToUnderstandDataProvide2D.register(ToUnderstandDataProvide2D.java:88)
at java.base/jdk.internal.reflect.DirectMethodHandleAccessor.invoke(DirectMethodHandleAccessor.java:104)
at java.base/java.lang.reflect.Method.invoke(Method.java:577)
at org.testng.internal.MethodInvocationHelper.invokeMethod(MethodInvocationHelper.java:132)
at org.testng.internal.TestInvoker.invokeMethod(TestInvoker.java:599)
at org.testng.internal.TestInvoker.invokeTestMethod(TestInvoker.java:174)
at org.testng.internal.MethodRunner.runInSequence(MethodRunner.java:46)
at org.testng.internal.TestInvoker$MethodInvocationAgent.invoke(TestInvoker.java:822)
at org.testng.internal.TestInvoker.invokeTestMethods(TestInvoker.java:147)
at org.testng.internal.TestMethodWorker.invokeTestMethods(TestMethodWorker.java:146)
at org.testng.internal.TestMethodWorker.run(TestMethodWorker.java:128)
at java.base/java.util.ArrayList.forEach(ArrayList.java:1511)
at org.testng.TestRunner.privateRun(TestRunner.java:764)
at org.testng.TestRunner.run(TestRunner.java:585)
at org.testng.SuiteRunner.runTest(SuiteRunner.java:384)
at org.testng.SuiteRunner.runSequentially(SuiteRunner.java:378)
at org.testng.SuiteRunner.privateRun(SuiteRunner.java:337)
at org.testng.SuiteRunner.run(SuiteRunner.java:286)
at org.testng.SuiteRunnerWorker.runSuite(SuiteRunnerWorker.java:53)
at org.testng.SuiteRunnerWorker.run(SuiteRunnerWorker.java:96)
at org.testng.TestNG.runSuitesSequentially(TestNG.java:1218)
at org.testng.TestNG.runSuitesLocally(TestNG.java:1140)
at org.testng.TestNG.runSuites(TestNG.java:1069)
at org.testng.TestNG.run(TestNG.java:1037)
at org.testng.remote.AbstractRemoteTestNG.run(AbstractRemoteTestNG.java:115)
at org.testng.remote.RemoteTestNG.initAndRun(RemoteTestNG.java:251)
at org.testng.remote.RemoteTestNG.main(RemoteTestNG.java:77)
]]>
    </failure>
  </testcase> <!-- register -->
  <system-out>
Browser launched successfully...!! Browser is maximized Register page is displayed Gender male radio button is selected First name entered successfully Last name entered successfully Email entered successfully Password entered successfully Confirm Password entered successfully Navigated to register result page  </system-out>
</testsuite> <!-- UnitTestingTool.ToUnderstandDataProvide2D -->
